ARM GAS  /tmp/ccOulDIP.s 			page 1


   1              		.cpu cortex-m0plus
   2              		.eabi_attribute 20, 1
   3              		.eabi_attribute 21, 1
   4              		.eabi_attribute 23, 3
   5              		.eabi_attribute 24, 1
   6              		.eabi_attribute 25, 1
   7              		.eabi_attribute 26, 1
   8              		.eabi_attribute 30, 1
   9              		.eabi_attribute 34, 0
  10              		.eabi_attribute 18, 4
  11              		.file	"main.c"
  12              		.text
  13              	.Ltext0:
  14              		.cfi_sections	.debug_frame
  15              		.section	.text.main,"ax",%progbits
  16              		.align	1
  17              		.global	main
  18              		.arch armv6s-m
  19              		.syntax unified
  20              		.code	16
  21              		.thumb_func
  22              		.fpu softvfp
  24              	main:
  25              	.LFB0:
  26              		.file 1 "Core/Src/main.c"
   1:Core/Src/main.c **** #include "Sys.h"
   2:Core/Src/main.c **** #include "neopixel.h"
   3:Core/Src/main.c **** 
   4:Core/Src/main.c **** int main(void)
   5:Core/Src/main.c **** {
  27              		.loc 1 5 1 view -0
  28              		.cfi_startproc
  29              		@ Volatile: function does not return.
  30              		@ args = 0, pretend = 0, frame = 0
  31              		@ frame_needed = 0, uses_anonymous_args = 0
  32 0000 10B5     		push	{r4, lr}
  33              	.LCFI0:
  34              		.cfi_def_cfa_offset 8
  35              		.cfi_offset 4, -8
  36              		.cfi_offset 14, -4
   6:Core/Src/main.c ****   InitSys();
  37              		.loc 1 6 3 view .LVU1
  38 0002 FFF7FEFF 		bl	InitSys
  39              	.LVL0:
   7:Core/Src/main.c ****   writeData();
  40              		.loc 1 7 3 view .LVU2
  41 0006 FFF7FEFF 		bl	writeData
  42              	.LVL1:
  43              	.L2:
   8:Core/Src/main.c ****   while(1){
  44              		.loc 1 8 3 discriminator 1 view .LVU3
   9:Core/Src/main.c **** 
  10:Core/Src/main.c ****   }}
  45              		.loc 1 10 3 discriminator 1 view .LVU4
  46 000a FEE7     		b	.L2
  47              		.cfi_endproc
  48              	.LFE0:
ARM GAS  /tmp/ccOulDIP.s 			page 2


  50              		.text
  51              	.Letext0:
  52              		.file 2 "/usr/arm-none-eabi/include/machine/_default_types.h"
  53              		.file 3 "/usr/arm-none-eabi/include/sys/_stdint.h"
  54              		.file 4 "Core/Inc/Sys.h"
  55              		.file 5 "Core/Inc/neopixel.h"
ARM GAS  /tmp/ccOulDIP.s 			page 3


DEFINED SYMBOLS
                            *ABS*:0000000000000000 main.c
     /tmp/ccOulDIP.s:16     .text.main:0000000000000000 $t
     /tmp/ccOulDIP.s:24     .text.main:0000000000000000 main

UNDEFINED SYMBOLS
InitSys
writeData
